# JRE version: Java(TM) SE Runtime Environment (8.0_151-b12) (build 1.8.0_151-b12)
# Java VM: Java HotSpot(TM) 64-Bit Server VM (25.151-b12 mixed mode windows-amd64 compressed oops)
Heap:
 PSYoungGen      total 127488K, used 4861K [0x00000000d8b00000, 0x00000000e9000000, 0x0000000100000000)
  eden space 122880K, 3% used [0x00000000d8b00000,0x00000000d8fbf760,0x00000000e0300000)
  from space 4608K, 0% used [0x00000000e0300000,0x00000000e0300000,0x00000000e0780000)
  to   space 10752K, 0% used [0x00000000e8580000,0x00000000e8580000,0x00000000e9000000)
 ParOldGen       total 56832K, used 12325K [0x000000008a000000, 0x000000008d780000, 0x00000000d8b00000)
  object space 56832K, 21% used [0x000000008a000000,0x000000008ac09688,0x000000008d780000)
 Metaspace       used 21512K, capacity 22124K, committed 22448K, reserved 1069056K
  class space    used 2523K, capacity 2711K, committed 2816K, reserved 1048576K
GC Heap History (10 events):
Event: 3.274 GC heap before
{Heap before GC invocations=2 (full 0):
 PSYoungGen      total 35328K, used 35308K [0x00000000d8b00000, 0x00000000dd000000, 0x0000000100000000)
  eden space 30720K, 100% used [0x00000000d8b00000,0x00000000da900000,0x00000000da900000)
  from space 4608K, 99% used [0x00000000da900000,0x00000000dad7b3c8,0x00000000dad80000)
  to   space 4608K, 0% used [0x00000000dcb80000,0x00000000dcb80000,0x00000000dd000000)
 ParOldGen       total 80896K, used 823K [0x000000008a000000, 0x000000008ef00000, 0x00000000d8b00000)
  object space 80896K, 1% used [0x000000008a000000,0x000000008a0cdc00,0x000000008ef00000)
 Metaspace       used 11676K, capacity 11908K, committed 12160K, reserved 1060864K
  class space    used 1430K, capacity 1545K, committed 1664K, reserved 1048576K
Event: 3.287 GC heap after
Heap after GC invocations=2 (full 0):
 PSYoungGen      total 66048K, used 4601K [0x00000000d8b00000, 0x00000000dd000000, 0x0000000100000000)
  eden space 61440K, 0% used [0x00000000d8b00000,0x00000000d8b00000,0x00000000dc700000)
  from space 4608K, 99% used [0x00000000dcb80000,0x00000000dcffe448,0x00000000dd000000)
  to   space 4608K, 0% used [0x00000000dc700000,0x00000000dc700000,0x00000000dcb80000)
 ParOldGen       total 80896K, used 2735K [0x000000008a000000, 0x000000008ef00000, 0x00000000d8b00000)
  object space 80896K, 3% used [0x000000008a000000,0x000000008a2abde0,0x000000008ef00000)
 Metaspace       used 11676K, capacity 11908K, committed 12160K, reserved 1060864K
  class space    used 1430K, capacity 1545K, committed 1664K, reserved 1048576K
}
Event: 6.362 GC heap before
{Heap before GC invocations=3 (full 0):
 PSYoungGen      total 66048K, used 66041K [0x00000000d8b00000, 0x00000000dd000000, 0x0000000100000000)
  eden space 61440K, 100% used [0x00000000d8b00000,0x00000000dc700000,0x00000000dc700000)
  from space 4608K, 99% used [0x00000000dcb80000,0x00000000dcffe448,0x00000000dd000000)
  to   space 4608K, 0% used [0x00000000dc700000,0x00000000dc700000,0x00000000dcb80000)
 ParOldGen       total 80896K, used 2735K [0x000000008a000000, 0x000000008ef00000, 0x00000000d8b00000)
  object space 80896K, 3% used [0x000000008a000000,0x000000008a2abde0,0x000000008ef00000)
 Metaspace       used 15772K, capacity 16054K, committed 16384K, reserved 1062912K
  class space    used 1905K, capacity 1984K, committed 2048K, reserved 1048576K
Event: 6.381 GC heap after
Heap after GC invocations=3 (full 0):
 PSYoungGen      total 66048K, used 4600K [0x00000000d8b00000, 0x00000000e0c00000, 0x0000000100000000)
  eden space 61440K, 0% used [0x00000000d8b00000,0x00000000d8b00000,0x00000000dc700000)
  from space 4608K, 99% used [0x00000000dc700000,0x00000000dcb7e030,0x00000000dcb80000)
  to   space 4608K, 0% used [0x00000000e0780000,0x00000000e0780000,0x00000000e0c00000)
 ParOldGen       total 80896K, used 7641K [0x000000008a000000, 0x000000008ef00000, 0x00000000d8b00000)
  object space 80896K, 9% used [0x000000008a000000,0x000000008a776648,0x000000008ef00000)
 Metaspace       used 15772K, capacity 16054K, committed 16384K, reserved 1062912K
  class space    used 1905K, capacity 1984K, committed 2048K, reserved 1048576K
}
Event: 12.443 GC heap before
{Heap before GC invocations=4 (full 0):
 PSYoungGen      total 66048K, used 66040K [0x00000000d8b00000, 0x00000000e0c00000, 0x0000000100000000)
  eden space 61440K, 100% used [0x00000000d8b00000,0x00000000dc700000,0x00000000dc700000)
  from space 4608K, 99% used [0x00000000dc700000,0x00000000dcb7e030,0x00000000dcb80000)
  to   space 4608K, 0% used [0x00000000e0780000,0x00000000e0780000,0x00000000e0c00000)
 ParOldGen       total 80896K, used 7641K [0x000000008a000000, 0x000000008ef00000, 0x00000000d8b00000)
  object space 80896K, 9% used [0x000000008a000000,0x000000008a776648,0x000000008ef00000)
 Metaspace       used 17335K, capacity 17808K, committed 18048K, reserved 1064960K
  class space    used 2032K, capacity 2163K, committed 2176K, reserved 1048576K
Event: 12.554 GC heap after
Heap after GC invocations=4 (full 0):
 PSYoungGen      total 127488K, used 4584K [0x00000000d8b00000, 0x00000000e0c00000, 0x0000000100000000)
  eden space 122880K, 0% used [0x00000000d8b00000,0x00000000d8b00000,0x00000000e0300000)
  from space 4608K, 99% used [0x00000000e0780000,0x00000000e0bfa020,0x00000000e0c00000)
  to   space 4608K, 0% used [0x00000000e0300000,0x00000000e0300000,0x00000000e0780000)
 ParOldGen       total 80896K, used 11535K [0x000000008a000000, 0x000000008ef00000, 0x00000000d8b00000)
  object space 80896K, 14% used [0x000000008a000000,0x000000008ab43f40,0x000000008ef00000)
 Metaspace       used 17335K, capacity 17808K, committed 18048K, reserved 1064960K
  class space    used 2032K, capacity 2163K, committed 2176K, reserved 1048576K
}
Event: 17.130 GC heap before
{Heap before GC invocations=5 (full 0):
 PSYoungGen      total 127488K, used 43832K [0x00000000d8b00000, 0x00000000e0c00000, 0x0000000100000000)
  eden space 122880K, 31% used [0x00000000d8b00000,0x00000000db154118,0x00000000e0300000)
  from space 4608K, 99% used [0x00000000e0780000,0x00000000e0bfa020,0x00000000e0c00000)
  to   space 4608K, 0% used [0x00000000e0300000,0x00000000e0300000,0x00000000e0780000)
 ParOldGen       total 80896K, used 11535K [0x000000008a000000, 0x000000008ef00000, 0x00000000d8b00000)
  object space 80896K, 14% used [0x000000008a000000,0x000000008ab43f40,0x000000008ef00000)
 Metaspace       used 20564K, capacity 21098K, committed 21296K, reserved 1069056K
  class space    used 2426K, capacity 2604K, committed 2688K, reserved 1048576K
Event: 17.149 GC heap after
Heap after GC invocations=5 (full 0):
 PSYoungGen      total 127488K, used 4584K [0x00000000d8b00000, 0x00000000e9000000, 0x0000000100000000)
  eden space 122880K, 0% used [0x00000000d8b00000,0x00000000d8b00000,0x00000000e0300000)
  from space 4608K, 99% used [0x00000000e0300000,0x00000000e077a040,0x00000000e0780000)
  to   space 10752K, 0% used [0x00000000e8580000,0x00000000e8580000,0x00000000e9000000)
 ParOldGen       total 80896K, used 15084K [0x000000008a000000, 0x000000008ef00000, 0x00000000d8b00000)
  object space 80896K, 18% used [0x000000008a000000,0x000000008aebb3f0,0x000000008ef00000)
 Metaspace       used 20564K, capacity 21098K, committed 21296K, reserved 1069056K
  class space    used 2426K, capacity 2604K, committed 2688K, reserved 1048576K
}
Event: 17.149 GC heap before
{Heap before GC invocations=6 (full 1):
 PSYoungGen      total 127488K, used 4584K [0x00000000d8b00000, 0x00000000e9000000, 0x0000000100000000)
  eden space 122880K, 0% used [0x00000000d8b00000,0x00000000d8b00000,0x00000000e0300000)
  from space 4608K, 99% used [0x00000000e0300000,0x00000000e077a040,0x00000000e0780000)
  to   space 10752K, 0% used [0x00000000e8580000,0x00000000e8580000,0x00000000e9000000)
 ParOldGen       total 80896K, used 15084K [0x000000008a000000, 0x000000008ef00000, 0x00000000d8b00000)
  object space 80896K, 18% used [0x000000008a000000,0x000000008aebb3f0,0x000000008ef00000)
 Metaspace       used 20564K, capacity 21098K, committed 21296K, reserved 1069056K
  class space    used 2426K, capacity 2604K, committed 2688K, reserved 1048576K
Event: 17.220 GC heap after
Heap after GC invocations=6 (full 1):
 PSYoungGen      total 127488K, used 0K [0x00000000d8b00000, 0x00000000e9000000, 0x0000000100000000)
  eden space 122880K, 0% used [0x00000000d8b00000,0x00000000d8b00000,0x00000000e0300000)
  from space 4608K, 0% used [0x00000000e0300000,0x00000000e0300000,0x00000000e0780000)
  to   space 10752K, 0% used [0x00000000e8580000,0x00000000e8580000,0x00000000e9000000)
 ParOldGen       total 56832K, used 12325K [0x000000008a000000, 0x000000008d780000, 0x00000000d8b00000)
  object space 56832K, 21% used [0x000000008a000000,0x000000008ac09688,0x000000008d780000)
 Metaspace       used 20564K, capacity 21098K, committed 21296K, reserved 1069056K
  class space    used 2426K, capacity 2604K, committed 2688K, reserved 1048576K
}

