# JRE version: Java(TM) SE Runtime Environment (8.0_151-b12) (build 1.8.0_151-b12)
# Java VM: Java HotSpot(TM) 64-Bit Server VM (25.151-b12 mixed mode windows-amd64 compressed oops)
Heap:
 PSYoungGen      total 37376K, used 15461K [0x00000000d8b00000, 0x00000000dd400000, 0x0000000100000000)
  eden space 29696K, 52% used [0x00000000d8b00000,0x00000000d9a19528,0x00000000da800000)
  from space 7680K, 0% used [0x00000000da800000,0x00000000da800000,0x00000000daf80000)
  to   space 7680K, 0% used [0x00000000dcc80000,0x00000000dcc80000,0x00000000dd400000)
 ParOldGen       total 66048K, used 9989K [0x000000008a000000, 0x000000008e080000, 0x00000000d8b00000)
  object space 66048K, 15% used [0x000000008a000000,0x000000008a9c17f8,0x000000008e080000)
 Metaspace       used 21691K, capacity 22148K, committed 22448K, reserved 1069056K
  class space    used 2579K, capacity 2715K, committed 2816K, reserved 1048576K
GC Heap History (10 events):
Event: 4.645 GC heap before
{Heap before GC invocations=4 (full 0):
 PSYoungGen      total 35328K, used 35304K [0x00000000d8b00000, 0x00000000db200000, 0x0000000100000000)
  eden space 30720K, 100% used [0x00000000d8b00000,0x00000000da900000,0x00000000da900000)
  from space 4608K, 99% used [0x00000000da900000,0x00000000dad7a040,0x00000000dad80000)
  to   space 4608K, 0% used [0x00000000dad80000,0x00000000dad80000,0x00000000db200000)
 ParOldGen       total 80896K, used 5864K [0x000000008a000000, 0x000000008ef00000, 0x00000000d8b00000)
  object space 80896K, 7% used [0x000000008a000000,0x000000008a5ba2a8,0x000000008ef00000)
 Metaspace       used 15811K, capacity 16150K, committed 16384K, reserved 1062912K
  class space    used 1909K, capacity 2016K, committed 2048K, reserved 1048576K
Event: 4.655 GC heap after
Heap after GC invocations=4 (full 0):
 PSYoungGen      total 35328K, used 4600K [0x00000000d8b00000, 0x00000000db200000, 0x0000000100000000)
  eden space 30720K, 0% used [0x00000000d8b00000,0x00000000d8b00000,0x00000000da900000)
  from space 4608K, 99% used [0x00000000dad80000,0x00000000db1fe030,0x00000000db200000)
  to   space 4608K, 0% used [0x00000000da900000,0x00000000da900000,0x00000000dad80000)
 ParOldGen       total 80896K, used 7828K [0x000000008a000000, 0x000000008ef00000, 0x00000000d8b00000)
  object space 80896K, 9% used [0x000000008a000000,0x000000008a7a5350,0x000000008ef00000)
 Metaspace       used 15811K, capacity 16150K, committed 16384K, reserved 1062912K
  class space    used 1909K, capacity 2016K, committed 2048K, reserved 1048576K
}
Event: 6.812 GC heap before
{Heap before GC invocations=5 (full 0):
 PSYoungGen      total 35328K, used 35320K [0x00000000d8b00000, 0x00000000db200000, 0x0000000100000000)
  eden space 30720K, 100% used [0x00000000d8b00000,0x00000000da900000,0x00000000da900000)
  from space 4608K, 99% used [0x00000000dad80000,0x00000000db1fe030,0x00000000db200000)
  to   space 4608K, 0% used [0x00000000da900000,0x00000000da900000,0x00000000dad80000)
 ParOldGen       total 80896K, used 7828K [0x000000008a000000, 0x000000008ef00000, 0x00000000d8b00000)
  object space 80896K, 9% used [0x000000008a000000,0x000000008a7a5350,0x000000008ef00000)
 Metaspace       used 16468K, capacity 16850K, committed 17024K, reserved 1064960K
  class space    used 1963K, capacity 2056K, committed 2176K, reserved 1048576K
Event: 6.831 GC heap after
Heap after GC invocations=5 (full 0):
 PSYoungGen      total 34816K, used 4600K [0x00000000d8b00000, 0x00000000db780000, 0x0000000100000000)
  eden space 30208K, 0% used [0x00000000d8b00000,0x00000000d8b00000,0x00000000da880000)
  from space 4608K, 99% used [0x00000000da900000,0x00000000dad7e010,0x00000000dad80000)
  to   space 7680K, 0% used [0x00000000db000000,0x00000000db000000,0x00000000db780000)
 ParOldGen       total 80896K, used 9731K [0x000000008a000000, 0x000000008ef00000, 0x00000000d8b00000)
  object space 80896K, 12% used [0x000000008a000000,0x000000008a980f98,0x000000008ef00000)
 Metaspace       used 16468K, capacity 16850K, committed 17024K, reserved 1064960K
  class space    used 1963K, capacity 2056K, committed 2176K, reserved 1048576K
}
Event: 9.233 GC heap before
{Heap before GC invocations=6 (full 0):
 PSYoungGen      total 34816K, used 34808K [0x00000000d8b00000, 0x00000000db780000, 0x0000000100000000)
  eden space 30208K, 100% used [0x00000000d8b00000,0x00000000da880000,0x00000000da880000)
  from space 4608K, 99% used [0x00000000da900000,0x00000000dad7e010,0x00000000dad80000)
  to   space 7680K, 0% used [0x00000000db000000,0x00000000db000000,0x00000000db780000)
 ParOldGen       total 80896K, used 9731K [0x000000008a000000, 0x000000008ef00000, 0x00000000d8b00000)
  object space 80896K, 12% used [0x000000008a000000,0x000000008a980f98,0x000000008ef00000)
 Metaspace       used 17359K, capacity 17808K, committed 18048K, reserved 1064960K
  class space    used 2033K, capacity 2163K, committed 2176K, reserved 1048576K
Event: 9.266 GC heap after
Heap after GC invocations=6 (full 0):
 PSYoungGen      total 36864K, used 6480K [0x00000000d8b00000, 0x00000000db700000, 0x0000000100000000)
  eden space 29696K, 0% used [0x00000000d8b00000,0x00000000d8b00000,0x00000000da800000)
  from space 7168K, 90% used [0x00000000db000000,0x00000000db654340,0x00000000db700000)
  to   space 7680K, 0% used [0x00000000da800000,0x00000000da800000,0x00000000daf80000)
 ParOldGen       total 80896K, used 9739K [0x000000008a000000, 0x000000008ef00000, 0x00000000d8b00000)
  object space 80896K, 12% used [0x000000008a000000,0x000000008a982f98,0x000000008ef00000)
 Metaspace       used 17359K, capacity 17808K, committed 18048K, reserved 1064960K
  class space    used 2033K, capacity 2163K, committed 2176K, reserved 1048576K
}
Event: 10.139 GC heap before
{Heap before GC invocations=7 (full 0):
 PSYoungGen      total 36864K, used 19373K [0x00000000d8b00000, 0x00000000db700000, 0x0000000100000000)
  eden space 29696K, 43% used [0x00000000d8b00000,0x00000000d9797330,0x00000000da800000)
  from space 7168K, 90% used [0x00000000db000000,0x00000000db654340,0x00000000db700000)
  to   space 7680K, 0% used [0x00000000da800000,0x00000000da800000,0x00000000daf80000)
 ParOldGen       total 80896K, used 9739K [0x000000008a000000, 0x000000008ef00000, 0x00000000d8b00000)
  object space 80896K, 12% used [0x000000008a000000,0x000000008a982f98,0x000000008ef00000)
 Metaspace       used 20643K, capacity 21092K, committed 21296K, reserved 1069056K
  class space    used 2491K, capacity 2619K, committed 2688K, reserved 1048576K
Event: 10.167 GC heap after
Heap after GC invocations=7 (full 0):
 PSYoungGen      total 37376K, used 5055K [0x00000000d8b00000, 0x00000000dd400000, 0x0000000100000000)
  eden space 29696K, 0% used [0x00000000d8b00000,0x00000000d8b00000,0x00000000da800000)
  from space 7680K, 65% used [0x00000000da800000,0x00000000daceff90,0x00000000daf80000)
  to   space 7680K, 0% used [0x00000000dcc80000,0x00000000dcc80000,0x00000000dd400000)
 ParOldGen       total 80896K, used 11512K [0x000000008a000000, 0x000000008ef00000, 0x00000000d8b00000)
  object space 80896K, 14% used [0x000000008a000000,0x000000008ab3e048,0x000000008ef00000)
 Metaspace       used 20643K, capacity 21092K, committed 21296K, reserved 1069056K
  class space    used 2491K, capacity 2619K, committed 2688K, reserved 1048576K
}
Event: 10.167 GC heap before
{Heap before GC invocations=8 (full 1):
 PSYoungGen      total 37376K, used 5055K [0x00000000d8b00000, 0x00000000dd400000, 0x0000000100000000)
  eden space 29696K, 0% used [0x00000000d8b00000,0x00000000d8b00000,0x00000000da800000)
  from space 7680K, 65% used [0x00000000da800000,0x00000000daceff90,0x00000000daf80000)
  to   space 7680K, 0% used [0x00000000dcc80000,0x00000000dcc80000,0x00000000dd400000)
 ParOldGen       total 80896K, used 11512K [0x000000008a000000, 0x000000008ef00000, 0x00000000d8b00000)
  object space 80896K, 14% used [0x000000008a000000,0x000000008ab3e048,0x000000008ef00000)
 Metaspace       used 20643K, capacity 21092K, committed 21296K, reserved 1069056K
  class space    used 2491K, capacity 2619K, committed 2688K, reserved 1048576K
Event: 10.542 GC heap after
Heap after GC invocations=8 (full 1):
 PSYoungGen      total 37376K, used 0K [0x00000000d8b00000, 0x00000000dd400000, 0x0000000100000000)
  eden space 29696K, 0% used [0x00000000d8b00000,0x00000000d8b00000,0x00000000da800000)
  from space 7680K, 0% used [0x00000000da800000,0x00000000da800000,0x00000000daf80000)
  to   space 7680K, 0% used [0x00000000dcc80000,0x00000000dcc80000,0x00000000dd400000)
 ParOldGen       total 66048K, used 9989K [0x000000008a000000, 0x000000008e080000, 0x00000000d8b00000)
  object space 66048K, 15% used [0x000000008a000000,0x000000008a9c17f8,0x000000008e080000)
 Metaspace       used 20643K, capacity 21092K, committed 21296K, reserved 1069056K
  class space    used 2491K, capacity 2619K, committed 2688K, reserved 1048576K
}

