# JRE version: Java(TM) SE Runtime Environment (8.0_151-b12) (build 1.8.0_151-b12)
# Java VM: Java HotSpot(TM) 64-Bit Server VM (25.151-b12 mixed mode windows-amd64 compressed oops)
Heap:
 PSYoungGen      total 67584K, used 31651K [0x00000000d8b00000, 0x00000000e0c80000, 0x0000000100000000)
  eden space 58368K, 38% used [0x00000000d8b00000,0x00000000da0e9320,0x00000000dc400000)
  from space 9216K, 99% used [0x00000000e0080000,0x00000000e097fcc0,0x00000000e0980000)
  to   space 3072K, 0% used [0x00000000e0980000,0x00000000e0980000,0x00000000e0c80000)
 ParOldGen       total 52224K, used 13553K [0x000000008a000000, 0x000000008d300000, 0x00000000d8b00000)
  object space 52224K, 25% used [0x000000008a000000,0x000000008ad3c798,0x000000008d300000)
 Metaspace       used 23766K, capacity 24440K, committed 24704K, reserved 1071104K
  class space    used 2780K, capacity 2921K, committed 2944K, reserved 1048576K
GC Heap History (10 events):
Event: 18.282 GC heap before
{Heap before GC invocations=4 (full 0):
 PSYoungGen      total 35328K, used 35318K [0x00000000d8b00000, 0x00000000dd000000, 0x0000000100000000)
  eden space 30720K, 100% used [0x00000000d8b00000,0x00000000da900000,0x00000000da900000)
  from space 4608K, 99% used [0x00000000da900000,0x00000000dad7d850,0x00000000dad80000)
  to   space 4608K, 0% used [0x00000000dcb80000,0x00000000dcb80000,0x00000000dd000000)
 ParOldGen       total 80896K, used 5291K [0x000000008a000000, 0x000000008ef00000, 0x00000000d8b00000)
  object space 80896K, 6% used [0x000000008a000000,0x000000008a52afc8,0x000000008ef00000)
 Metaspace       used 15659K, capacity 15926K, committed 16128K, reserved 1064960K
  class space    used 1891K, capacity 1984K, committed 2048K, reserved 1048576K
Event: 18.296 GC heap after
Heap after GC invocations=4 (full 0):
 PSYoungGen      total 66048K, used 4584K [0x00000000d8b00000, 0x00000000dd000000, 0x0000000100000000)
  eden space 61440K, 0% used [0x00000000d8b00000,0x00000000d8b00000,0x00000000dc700000)
  from space 4608K, 99% used [0x00000000dcb80000,0x00000000dcffa020,0x00000000dd000000)
  to   space 4608K, 0% used [0x00000000dc700000,0x00000000dc700000,0x00000000dcb80000)
 ParOldGen       total 80896K, used 8184K [0x000000008a000000, 0x000000008ef00000, 0x00000000d8b00000)
  object space 80896K, 10% used [0x000000008a000000,0x000000008a7fe268,0x000000008ef00000)
 Metaspace       used 15659K, capacity 15926K, committed 16128K, reserved 1064960K
  class space    used 1891K, capacity 1984K, committed 2048K, reserved 1048576K
}
Event: 25.545 GC heap before
{Heap before GC invocations=5 (full 0):
 PSYoungGen      total 66048K, used 66024K [0x00000000d8b00000, 0x00000000dd000000, 0x0000000100000000)
  eden space 61440K, 100% used [0x00000000d8b00000,0x00000000dc700000,0x00000000dc700000)
  from space 4608K, 99% used [0x00000000dcb80000,0x00000000dcffa020,0x00000000dd000000)
  to   space 4608K, 0% used [0x00000000dc700000,0x00000000dc700000,0x00000000dcb80000)
 ParOldGen       total 80896K, used 8184K [0x000000008a000000, 0x000000008ef00000, 0x00000000d8b00000)
  object space 80896K, 10% used [0x000000008a000000,0x000000008a7fe268,0x000000008ef00000)
 Metaspace       used 16999K, capacity 17486K, committed 17792K, reserved 1064960K
  class space    used 1999K, capacity 2097K, committed 2176K, reserved 1048576K
Event: 25.573 GC heap after
Heap after GC invocations=5 (full 0):
 PSYoungGen      total 66048K, used 4584K [0x00000000d8b00000, 0x00000000e1500000, 0x0000000100000000)
  eden space 61440K, 0% used [0x00000000d8b00000,0x00000000d8b00000,0x00000000dc700000)
  from space 4608K, 99% used [0x00000000dc700000,0x00000000dcb7a020,0x00000000dcb80000)
  to   space 9216K, 0% used [0x00000000e0c00000,0x00000000e0c00000,0x00000000e1500000)
 ParOldGen       total 80896K, used 11820K [0x000000008a000000, 0x000000008ef00000, 0x00000000d8b00000)
  object space 80896K, 14% used [0x000000008a000000,0x000000008ab8b2c0,0x000000008ef00000)
 Metaspace       used 16999K, capacity 17486K, committed 17792K, reserved 1064960K
  class space    used 1999K, capacity 2097K, committed 2176K, reserved 1048576K
}
Event: 28.162 GC heap before
{Heap before GC invocations=6 (full 0):
 PSYoungGen      total 66048K, used 24069K [0x00000000d8b00000, 0x00000000e1500000, 0x0000000100000000)
  eden space 61440K, 31% used [0x00000000d8b00000,0x00000000d9e07678,0x00000000dc700000)
  from space 4608K, 99% used [0x00000000dc700000,0x00000000dcb7a020,0x00000000dcb80000)
  to   space 9216K, 0% used [0x00000000e0c00000,0x00000000e0c00000,0x00000000e1500000)
 ParOldGen       total 80896K, used 11820K [0x000000008a000000, 0x000000008ef00000, 0x00000000d8b00000)
  object space 80896K, 14% used [0x000000008a000000,0x000000008ab8b2c0,0x000000008ef00000)
 Metaspace       used 20525K, capacity 21096K, committed 21296K, reserved 1069056K
  class space    used 2475K, capacity 2619K, committed 2688K, reserved 1048576K
Event: 28.173 GC heap after
Heap after GC invocations=6 (full 0):
 PSYoungGen      total 66560K, used 6167K [0x00000000d8b00000, 0x00000000e1280000, 0x0000000100000000)
  eden space 59904K, 0% used [0x00000000d8b00000,0x00000000d8b00000,0x00000000dc580000)
  from space 6656K, 92% used [0x00000000e0c00000,0x00000000e1205e50,0x00000000e1280000)
  to   space 9216K, 0% used [0x00000000e0080000,0x00000000e0080000,0x00000000e0980000)
 ParOldGen       total 80896K, used 11828K [0x000000008a000000, 0x000000008ef00000, 0x00000000d8b00000)
  object space 80896K, 14% used [0x000000008a000000,0x000000008ab8d2c0,0x000000008ef00000)
 Metaspace       used 20525K, capacity 21096K, committed 21296K, reserved 1069056K
  class space    used 2475K, capacity 2619K, committed 2688K, reserved 1048576K
}
Event: 28.173 GC heap before
{Heap before GC invocations=7 (full 1):
 PSYoungGen      total 66560K, used 6167K [0x00000000d8b00000, 0x00000000e1280000, 0x0000000100000000)
  eden space 59904K, 0% used [0x00000000d8b00000,0x00000000d8b00000,0x00000000dc580000)
  from space 6656K, 92% used [0x00000000e0c00000,0x00000000e1205e50,0x00000000e1280000)
  to   space 9216K, 0% used [0x00000000e0080000,0x00000000e0080000,0x00000000e0980000)
 ParOldGen       total 80896K, used 11828K [0x000000008a000000, 0x000000008ef00000, 0x00000000d8b00000)
  object space 80896K, 14% used [0x000000008a000000,0x000000008ab8d2c0,0x000000008ef00000)
 Metaspace       used 20525K, capacity 21096K, committed 21296K, reserved 1069056K
  class space    used 2475K, capacity 2619K, committed 2688K, reserved 1048576K
Event: 28.227 GC heap after
Heap after GC invocations=7 (full 1):
 PSYoungGen      total 66560K, used 0K [0x00000000d8b00000, 0x00000000e1280000, 0x0000000100000000)
  eden space 59904K, 0% used [0x00000000d8b00000,0x00000000d8b00000,0x00000000dc580000)
  from space 6656K, 0% used [0x00000000e0c00000,0x00000000e0c00000,0x00000000e1280000)
  to   space 9216K, 0% used [0x00000000e0080000,0x00000000e0080000,0x00000000e0980000)
 ParOldGen       total 52224K, used 10680K [0x000000008a000000, 0x000000008d300000, 0x00000000d8b00000)
  object space 52224K, 20% used [0x000000008a000000,0x000000008aa6e1d0,0x000000008d300000)
 Metaspace       used 20525K, capacity 21096K, committed 21296K, reserved 1069056K
  class space    used 2475K, capacity 2619K, committed 2688K, reserved 1048576K
}
Event: 43.081 GC heap before
{Heap before GC invocations=8 (full 1):
 PSYoungGen      total 66560K, used 59904K [0x00000000d8b00000, 0x00000000e1280000, 0x0000000100000000)
  eden space 59904K, 100% used [0x00000000d8b00000,0x00000000dc580000,0x00000000dc580000)
  from space 6656K, 0% used [0x00000000e0c00000,0x00000000e0c00000,0x00000000e1280000)
  to   space 9216K, 0% used [0x00000000e0080000,0x00000000e0080000,0x00000000e0980000)
 ParOldGen       total 52224K, used 10680K [0x000000008a000000, 0x000000008d300000, 0x00000000d8b00000)
  object space 52224K, 20% used [0x000000008a000000,0x000000008aa6e1d0,0x000000008d300000)
 Metaspace       used 22923K, capacity 23532K, committed 23680K, reserved 1071104K
  class space    used 2703K, capacity 2855K, committed 2944K, reserved 1048576K
Event: 43.132 GC heap after
Heap after GC invocations=8 (full 1):
 PSYoungGen      total 67584K, used 9215K [0x00000000d8b00000, 0x00000000e0c80000, 0x0000000100000000)
  eden space 58368K, 0% used [0x00000000d8b00000,0x00000000d8b00000,0x00000000dc400000)
  from space 9216K, 99% used [0x00000000e0080000,0x00000000e097fcc0,0x00000000e0980000)
  to   space 3072K, 0% used [0x00000000e0980000,0x00000000e0980000,0x00000000e0c80000)
 ParOldGen       total 52224K, used 13553K [0x000000008a000000, 0x000000008d300000, 0x00000000d8b00000)
  object space 52224K, 25% used [0x000000008a000000,0x000000008ad3c798,0x000000008d300000)
 Metaspace       used 22923K, capacity 23532K, committed 23680K, reserved 1071104K
  class space    used 2703K, capacity 2855K, committed 2944K, reserved 1048576K
}

