# JRE version: Java(TM) SE Runtime Environment (8.0_151-b12) (build 1.8.0_151-b12)
# Java VM: Java HotSpot(TM) 64-Bit Server VM (25.151-b12 mixed mode windows-amd64 compressed oops)
Heap:
 PSYoungGen      total 110080K, used 93090K [0x00000000d8b00000, 0x00000000e0c80000, 0x0000000100000000)
  eden space 100864K, 83% used [0x00000000d8b00000,0x00000000ddce8ed0,0x00000000ded80000)
  from space 9216K, 99% used [0x00000000e0000000,0x00000000e08ffcc0,0x00000000e0900000)
  to   space 3584K, 0% used [0x00000000e0900000,0x00000000e0900000,0x00000000e0c80000)
 ParOldGen       total 55296K, used 13331K [0x000000008a000000, 0x000000008d600000, 0x00000000d8b00000)
  object space 55296K, 24% used [0x000000008a000000,0x000000008ad04d28,0x000000008d600000)
 Metaspace       used 24291K, capacity 25012K, committed 25344K, reserved 1071104K
  class space    used 2833K, capacity 2980K, committed 3072K, reserved 1048576K
GC Heap History (10 events):
Event: 19.947 GC heap before
{Heap before GC invocations=4 (full 0):
 PSYoungGen      total 35328K, used 35320K [0x00000000d8b00000, 0x00000000dd000000, 0x0000000100000000)
  eden space 30720K, 100% used [0x00000000d8b00000,0x00000000da900000,0x00000000da900000)
  from space 4608K, 99% used [0x00000000da900000,0x00000000dad7e030,0x00000000dad80000)
  to   space 4608K, 0% used [0x00000000dcb80000,0x00000000dcb80000,0x00000000dd000000)
 ParOldGen       total 80896K, used 5607K [0x000000008a000000, 0x000000008ef00000, 0x00000000d8b00000)
  object space 80896K, 6% used [0x000000008a000000,0x000000008a579e60,0x000000008ef00000)
 Metaspace       used 15679K, capacity 15930K, committed 16128K, reserved 1062912K
  class space    used 1892K, capacity 1984K, committed 2048K, reserved 1048576K
Event: 19.965 GC heap after
Heap after GC invocations=4 (full 0):
 PSYoungGen      total 66048K, used 4600K [0x00000000d8b00000, 0x00000000dd000000, 0x0000000100000000)
  eden space 61440K, 0% used [0x00000000d8b00000,0x00000000d8b00000,0x00000000dc700000)
  from space 4608K, 99% used [0x00000000dcb80000,0x00000000dcffe030,0x00000000dd000000)
  to   space 4608K, 0% used [0x00000000dc700000,0x00000000dc700000,0x00000000dcb80000)
 ParOldGen       total 80896K, used 7969K [0x000000008a000000, 0x000000008ef00000, 0x00000000d8b00000)
  object space 80896K, 9% used [0x000000008a000000,0x000000008a7c8500,0x000000008ef00000)
 Metaspace       used 15679K, capacity 15930K, committed 16128K, reserved 1062912K
  class space    used 1892K, capacity 1984K, committed 2048K, reserved 1048576K
}
Event: 27.243 GC heap before
{Heap before GC invocations=5 (full 0):
 PSYoungGen      total 66048K, used 66040K [0x00000000d8b00000, 0x00000000dd000000, 0x0000000100000000)
  eden space 61440K, 100% used [0x00000000d8b00000,0x00000000dc700000,0x00000000dc700000)
  from space 4608K, 99% used [0x00000000dcb80000,0x00000000dcffe030,0x00000000dd000000)
  to   space 4608K, 0% used [0x00000000dc700000,0x00000000dc700000,0x00000000dcb80000)
 ParOldGen       total 80896K, used 7969K [0x000000008a000000, 0x000000008ef00000, 0x00000000d8b00000)
  object space 80896K, 9% used [0x000000008a000000,0x000000008a7c8500,0x000000008ef00000)
 Metaspace       used 17234K, capacity 17748K, committed 18048K, reserved 1064960K
  class space    used 2021K, capacity 2163K, committed 2176K, reserved 1048576K
Event: 27.275 GC heap after
Heap after GC invocations=5 (full 0):
 PSYoungGen      total 66048K, used 4584K [0x00000000d8b00000, 0x00000000e1500000, 0x0000000100000000)
  eden space 61440K, 0% used [0x00000000d8b00000,0x00000000d8b00000,0x00000000dc700000)
  from space 4608K, 99% used [0x00000000dc700000,0x00000000dcb7a020,0x00000000dcb80000)
  to   space 9216K, 0% used [0x00000000e0c00000,0x00000000e0c00000,0x00000000e1500000)
 ParOldGen       total 80896K, used 11964K [0x000000008a000000, 0x000000008ef00000, 0x00000000d8b00000)
  object space 80896K, 14% used [0x000000008a000000,0x000000008abaf090,0x000000008ef00000)
 Metaspace       used 17234K, capacity 17748K, committed 18048K, reserved 1064960K
  class space    used 2021K, capacity 2163K, committed 2176K, reserved 1048576K
}
Event: 29.647 GC heap before
{Heap before GC invocations=6 (full 0):
 PSYoungGen      total 66048K, used 21695K [0x00000000d8b00000, 0x00000000e1500000, 0x0000000100000000)
  eden space 61440K, 27% used [0x00000000d8b00000,0x00000000d9bb5e48,0x00000000dc700000)
  from space 4608K, 99% used [0x00000000dc700000,0x00000000dcb7a020,0x00000000dcb80000)
  to   space 9216K, 0% used [0x00000000e0c00000,0x00000000e0c00000,0x00000000e1500000)
 ParOldGen       total 80896K, used 11964K [0x000000008a000000, 0x000000008ef00000, 0x00000000d8b00000)
  object space 80896K, 14% used [0x000000008a000000,0x000000008abaf090,0x000000008ef00000)
 Metaspace       used 20532K, capacity 21100K, committed 21296K, reserved 1069056K
  class space    used 2473K, capacity 2619K, committed 2688K, reserved 1048576K
Event: 29.660 GC heap after
Heap after GC invocations=6 (full 0):
 PSYoungGen      total 66048K, used 5959K [0x00000000d8b00000, 0x00000000e1200000, 0x0000000100000000)
  eden space 59904K, 0% used [0x00000000d8b00000,0x00000000d8b00000,0x00000000dc580000)
  from space 6144K, 96% used [0x00000000e0c00000,0x00000000e11d1df8,0x00000000e1200000)
  to   space 9216K, 0% used [0x00000000e0000000,0x00000000e0000000,0x00000000e0900000)
 ParOldGen       total 80896K, used 11972K [0x000000008a000000, 0x000000008ef00000, 0x00000000d8b00000)
  object space 80896K, 14% used [0x000000008a000000,0x000000008abb1090,0x000000008ef00000)
 Metaspace       used 20532K, capacity 21100K, committed 21296K, reserved 1069056K
  class space    used 2473K, capacity 2619K, committed 2688K, reserved 1048576K
}
Event: 29.660 GC heap before
{Heap before GC invocations=7 (full 1):
 PSYoungGen      total 66048K, used 5959K [0x00000000d8b00000, 0x00000000e1200000, 0x0000000100000000)
  eden space 59904K, 0% used [0x00000000d8b00000,0x00000000d8b00000,0x00000000dc580000)
  from space 6144K, 96% used [0x00000000e0c00000,0x00000000e11d1df8,0x00000000e1200000)
  to   space 9216K, 0% used [0x00000000e0000000,0x00000000e0000000,0x00000000e0900000)
 ParOldGen       total 80896K, used 11972K [0x000000008a000000, 0x000000008ef00000, 0x00000000d8b00000)
  object space 80896K, 14% used [0x000000008a000000,0x000000008abb1090,0x000000008ef00000)
 Metaspace       used 20532K, capacity 21100K, committed 21296K, reserved 1069056K
  class space    used 2473K, capacity 2619K, committed 2688K, reserved 1048576K
Event: 29.773 GC heap after
Heap after GC invocations=7 (full 1):
 PSYoungGen      total 66048K, used 0K [0x00000000d8b00000, 0x00000000e1200000, 0x0000000100000000)
  eden space 59904K, 0% used [0x00000000d8b00000,0x00000000d8b00000,0x00000000dc580000)
  from space 6144K, 0% used [0x00000000e0c00000,0x00000000e0c00000,0x00000000e1200000)
  to   space 9216K, 0% used [0x00000000e0000000,0x00000000e0000000,0x00000000e0900000)
 ParOldGen       total 55296K, used 10525K [0x000000008a000000, 0x000000008d600000, 0x00000000d8b00000)
  object space 55296K, 19% used [0x000000008a000000,0x000000008aa474a0,0x000000008d600000)
 Metaspace       used 20532K, capacity 21100K, committed 21296K, reserved 1069056K
  class space    used 2473K, capacity 2619K, committed 2688K, reserved 1048576K
}
Event: 44.316 GC heap before
{Heap before GC invocations=8 (full 1):
 PSYoungGen      total 66048K, used 59864K [0x00000000d8b00000, 0x00000000e1200000, 0x0000000100000000)
  eden space 59904K, 99% used [0x00000000d8b00000,0x00000000dc5762e8,0x00000000dc580000)
  from space 6144K, 0% used [0x00000000e0c00000,0x00000000e0c00000,0x00000000e1200000)
  to   space 9216K, 0% used [0x00000000e0000000,0x00000000e0000000,0x00000000e0900000)
 ParOldGen       total 55296K, used 10525K [0x000000008a000000, 0x000000008d600000, 0x00000000d8b00000)
  object space 55296K, 19% used [0x000000008a000000,0x000000008aa474a0,0x000000008d600000)
 Metaspace       used 22941K, capacity 23600K, committed 23936K, reserved 1071104K
  class space    used 2701K, capacity 2855K, committed 2944K, reserved 1048576K
Event: 44.368 GC heap after
Heap after GC invocations=8 (full 1):
 PSYoungGen      total 110080K, used 9215K [0x00000000d8b00000, 0x00000000e0c80000, 0x0000000100000000)
  eden space 100864K, 0% used [0x00000000d8b00000,0x00000000d8b00000,0x00000000ded80000)
  from space 9216K, 99% used [0x00000000e0000000,0x00000000e08ffcc0,0x00000000e0900000)
  to   space 3584K, 0% used [0x00000000e0900000,0x00000000e0900000,0x00000000e0c80000)
 ParOldGen       total 55296K, used 13331K [0x000000008a000000, 0x000000008d600000, 0x00000000d8b00000)
  object space 55296K, 24% used [0x000000008a000000,0x000000008ad04d28,0x000000008d600000)
 Metaspace       used 22941K, capacity 23600K, committed 23936K, reserved 1071104K
  class space    used 2701K, capacity 2855K, committed 2944K, reserved 1048576K
}

