# JRE version: Java(TM) SE Runtime Environment (8.0_151-b12) (build 1.8.0_151-b12)
# Java VM: Java HotSpot(TM) 64-Bit Server VM (25.151-b12 mixed mode windows-amd64 compressed oops)
Heap:
 PSYoungGen      total 33280K, used 26042K [0x00000000d8b00000, 0x00000000dc200000, 0x0000000100000000)
  eden space 28160K, 75% used [0x00000000d8b00000,0x00000000d9fabbc8,0x00000000da680000)
  from space 5120K, 95% used [0x00000000db180000,0x00000000db642e50,0x00000000db680000)
  to   space 9728K, 0% used [0x00000000db880000,0x00000000db880000,0x00000000dc200000)
 ParOldGen       total 44544K, used 17840K [0x000000008a000000, 0x000000008cb80000, 0x00000000d8b00000)
  object space 44544K, 40% used [0x000000008a000000,0x000000008b16c020,0x000000008cb80000)
 Metaspace       used 23748K, capacity 24376K, committed 24448K, reserved 1071104K
  class space    used 2778K, capacity 2921K, committed 2944K, reserved 1048576K
GC Heap History (10 events):
Event: 25.292 GC heap before
{Heap before GC invocations=6 (full 0):
 PSYoungGen      total 34816K, used 34808K [0x00000000d8b00000, 0x00000000dcc00000, 0x0000000100000000)
  eden space 30208K, 100% used [0x00000000d8b00000,0x00000000da880000,0x00000000da880000)
  from space 4608K, 99% used [0x00000000da900000,0x00000000dad7e050,0x00000000dad80000)
  to   space 8192K, 0% used [0x00000000dc400000,0x00000000dc400000,0x00000000dcc00000)
 ParOldGen       total 80896K, used 9759K [0x000000008a000000, 0x000000008ef00000, 0x00000000d8b00000)
  object space 80896K, 12% used [0x000000008a000000,0x000000008a987ed0,0x000000008ef00000)
 Metaspace       used 17111K, capacity 17584K, committed 17792K, reserved 1064960K
  class space    used 2014K, capacity 2131K, committed 2176K, reserved 1048576K
Event: 25.309 GC heap after
Heap after GC invocations=6 (full 0):
 PSYoungGen      total 36864K, used 6739K [0x00000000d8b00000, 0x00000000dcb00000, 0x0000000100000000)
  eden space 29696K, 0% used [0x00000000d8b00000,0x00000000d8b00000,0x00000000da800000)
  from space 7168K, 94% used [0x00000000dc400000,0x00000000dca94e90,0x00000000dcb00000)
  to   space 7680K, 0% used [0x00000000dbc00000,0x00000000dbc00000,0x00000000dc380000)
 ParOldGen       total 80896K, used 9767K [0x000000008a000000, 0x000000008ef00000, 0x00000000d8b00000)
  object space 80896K, 12% used [0x000000008a000000,0x000000008a989ed0,0x000000008ef00000)
 Metaspace       used 17111K, capacity 17584K, committed 17792K, reserved 1064960K
  class space    used 2014K, capacity 2131K, committed 2176K, reserved 1048576K
}
Event: 27.285 GC heap before
{Heap before GC invocations=7 (full 0):
 PSYoungGen      total 36864K, used 24626K [0x00000000d8b00000, 0x00000000dcb00000, 0x0000000100000000)
  eden space 29696K, 60% used [0x00000000d8b00000,0x00000000d9c77a78,0x00000000da800000)
  from space 7168K, 94% used [0x00000000dc400000,0x00000000dca94e90,0x00000000dcb00000)
  to   space 7680K, 0% used [0x00000000dbc00000,0x00000000dbc00000,0x00000000dc380000)
 ParOldGen       total 80896K, used 9767K [0x000000008a000000, 0x000000008ef00000, 0x00000000d8b00000)
  object space 80896K, 12% used [0x000000008a000000,0x000000008a989ed0,0x000000008ef00000)
 Metaspace       used 20528K, capacity 21096K, committed 21296K, reserved 1069056K
  class space    used 2474K, capacity 2619K, committed 2688K, reserved 1048576K
Event: 27.295 GC heap after
Heap after GC invocations=7 (full 0):
 PSYoungGen      total 34816K, used 5327K [0x00000000d8b00000, 0x00000000dc480000, 0x0000000100000000)
  eden space 29184K, 0% used [0x00000000d8b00000,0x00000000d8b00000,0x00000000da780000)
  from space 5632K, 94% used [0x00000000dbc00000,0x00000000dc133e50,0x00000000dc180000)
  to   space 3072K, 0% used [0x00000000dc180000,0x00000000dc180000,0x00000000dc480000)
 ParOldGen       total 80896K, used 11643K [0x000000008a000000, 0x000000008ef00000, 0x00000000d8b00000)
  object space 80896K, 14% used [0x000000008a000000,0x000000008ab5ef80,0x000000008ef00000)
 Metaspace       used 20528K, capacity 21096K, committed 21296K, reserved 1069056K
  class space    used 2474K, capacity 2619K, committed 2688K, reserved 1048576K
}
Event: 27.296 GC heap before
{Heap before GC invocations=8 (full 1):
 PSYoungGen      total 34816K, used 5327K [0x00000000d8b00000, 0x00000000dc480000, 0x0000000100000000)
  eden space 29184K, 0% used [0x00000000d8b00000,0x00000000d8b00000,0x00000000da780000)
  from space 5632K, 94% used [0x00000000dbc00000,0x00000000dc133e50,0x00000000dc180000)
  to   space 3072K, 0% used [0x00000000dc180000,0x00000000dc180000,0x00000000dc480000)
 ParOldGen       total 80896K, used 11643K [0x000000008a000000, 0x000000008ef00000, 0x00000000d8b00000)
  object space 80896K, 14% used [0x000000008a000000,0x000000008ab5ef80,0x000000008ef00000)
 Metaspace       used 20528K, capacity 21096K, committed 21296K, reserved 1069056K
  class space    used 2474K, capacity 2619K, committed 2688K, reserved 1048576K
Event: 27.346 GC heap after
Heap after GC invocations=8 (full 1):
 PSYoungGen      total 34816K, used 0K [0x00000000d8b00000, 0x00000000dc480000, 0x0000000100000000)
  eden space 29184K, 0% used [0x00000000d8b00000,0x00000000d8b00000,0x00000000da780000)
  from space 5632K, 0% used [0x00000000dbc00000,0x00000000dbc00000,0x00000000dc180000)
  to   space 3072K, 0% used [0x00000000dc180000,0x00000000dc180000,0x00000000dc480000)
 ParOldGen       total 44544K, used 10572K [0x000000008a000000, 0x000000008cb80000, 0x00000000d8b00000)
  object space 44544K, 23% used [0x000000008a000000,0x000000008aa53218,0x000000008cb80000)
 Metaspace       used 20528K, capacity 21096K, committed 21296K, reserved 1069056K
  class space    used 2474K, capacity 2619K, committed 2688K, reserved 1048576K
}
Event: 33.087 GC heap before
{Heap before GC invocations=9 (full 1):
 PSYoungGen      total 34816K, used 29184K [0x00000000d8b00000, 0x00000000dc480000, 0x0000000100000000)
  eden space 29184K, 100% used [0x00000000d8b00000,0x00000000da780000,0x00000000da780000)
  from space 5632K, 0% used [0x00000000dbc00000,0x00000000dbc00000,0x00000000dc180000)
  to   space 3072K, 0% used [0x00000000dc180000,0x00000000dc180000,0x00000000dc480000)
 ParOldGen       total 44544K, used 10572K [0x000000008a000000, 0x000000008cb80000, 0x00000000d8b00000)
  object space 44544K, 23% used [0x000000008a000000,0x000000008aa53218,0x000000008cb80000)
 Metaspace       used 22106K, capacity 22728K, committed 22960K, reserved 1069056K
  class space    used 2590K, capacity 2715K, committed 2816K, reserved 1048576K
Event: 33.107 GC heap after
Heap after GC invocations=9 (full 1):
 PSYoungGen      total 31744K, used 3045K [0x00000000d8b00000, 0x00000000dc480000, 0x0000000100000000)
  eden space 28672K, 0% used [0x00000000d8b00000,0x00000000d8b00000,0x00000000da700000)
  from space 3072K, 99% used [0x00000000dc180000,0x00000000dc4794e8,0x00000000dc480000)
  to   space 9728K, 0% used [0x00000000db180000,0x00000000db180000,0x00000000dbb00000)
 ParOldGen       total 44544K, used 17832K [0x000000008a000000, 0x000000008cb80000, 0x00000000d8b00000)
  object space 44544K, 40% used [0x000000008a000000,0x000000008b16a020,0x000000008cb80000)
 Metaspace       used 22106K, capacity 22728K, committed 22960K, reserved 1069056K
  class space    used 2590K, capacity 2715K, committed 2816K, reserved 1048576K
}
Event: 42.069 GC heap before
{Heap before GC invocations=10 (full 1):
 PSYoungGen      total 31744K, used 31717K [0x00000000d8b00000, 0x00000000dc480000, 0x0000000100000000)
  eden space 28672K, 100% used [0x00000000d8b00000,0x00000000da700000,0x00000000da700000)
  from space 3072K, 99% used [0x00000000dc180000,0x00000000dc4794e8,0x00000000dc480000)
  to   space 9728K, 0% used [0x00000000db180000,0x00000000db180000,0x00000000dbb00000)
 ParOldGen       total 44544K, used 17832K [0x000000008a000000, 0x000000008cb80000, 0x00000000d8b00000)
  object space 44544K, 40% used [0x000000008a000000,0x000000008b16a020,0x000000008cb80000)
 Metaspace       used 22864K, capacity 23500K, committed 23680K, reserved 1071104K
  class space    used 2693K, capacity 2823K, committed 2944K, reserved 1048576K
Event: 42.155 GC heap after
Heap after GC invocations=10 (full 1):
 PSYoungGen      total 33280K, used 4875K [0x00000000d8b00000, 0x00000000dc200000, 0x0000000100000000)
  eden space 28160K, 0% used [0x00000000d8b00000,0x00000000d8b00000,0x00000000da680000)
  from space 5120K, 95% used [0x00000000db180000,0x00000000db642e50,0x00000000db680000)
  to   space 9728K, 0% used [0x00000000db880000,0x00000000db880000,0x00000000dc200000)
 ParOldGen       total 44544K, used 17840K [0x000000008a000000, 0x000000008cb80000, 0x00000000d8b00000)
  object space 44544K, 40% used [0x000000008a000000,0x000000008b16c020,0x000000008cb80000)
 Metaspace       used 22864K, capacity 23500K, committed 23680K, reserved 1071104K
  class space    used 2693K, capacity 2823K, committed 2944K, reserved 1048576K
}

